<?xml version="1.0" encoding="UTF-8"?>
<testsuite name="pl.otros.logview.gui.suggestion.SearchHistorySerializationTest" tests="4" skipped="0" failures="0" errors="0" timestamp="2017-01-09T22:20:09" hostname="MP14216.local" time="0.008">
  <properties/>
  <testcase name="testDeserializer" classname="pl.otros.logview.gui.suggestion.SearchHistorySerializationTest" time="0.005"/>
  <testcase name="testSerializer[0](pl.otros.logview.gui.suggestion.SearchHistory@e3068d5f, [{&quot;query&quot;:&quot;string search&quot;,&quot;searchMode&quot;:&quot;STRING_CONTAINS&quot;}])" classname="pl.otros.logview.gui.suggestion.SearchHistorySerializationTest" time="0.001"/>
  <testcase name="testSerializer[1](pl.otros.logview.gui.suggestion.SearchHistory@8cbcc828, [{&quot;query&quot;:&quot;regex search&quot;,&quot;searchMode&quot;:&quot;REGEX&quot;}])" classname="pl.otros.logview.gui.suggestion.SearchHistorySerializationTest" time="0.0"/>
  <testcase name="testSerializer[2](pl.otros.logview.gui.suggestion.SearchHistory@4a9a431b, [{&quot;query&quot;:&quot;query search&quot;,&quot;searchMode&quot;:&quot;QUERY&quot;}])" classname="pl.otros.logview.gui.suggestion.SearchHistorySerializationTest" time="0.001"/>
  <system-out><![CDATA[]]></system-out>
  <system-err><![CDATA[]]></system-err>
</testsuite>
