<?xml version="1.0" encoding="UTF-8"?>
<testsuite name="pl.otros.logview.accept.query.org.apache.log4j.rule.NotEqualsRuleTest" tests="7" skipped="0" failures="0" errors="0" timestamp="2017-01-09T22:20:09" hostname="MP14216.local" time="0.007">
  <properties/>
  <testcase name="test1" classname="pl.otros.logview.accept.query.org.apache.log4j.rule.NotEqualsRuleTest" time="0.001"/>
  <testcase name="test2" classname="pl.otros.logview.accept.query.org.apache.log4j.rule.NotEqualsRuleTest" time="0.0"/>
  <testcase name="test3" classname="pl.otros.logview.accept.query.org.apache.log4j.rule.NotEqualsRuleTest" time="0.002"/>
  <testcase name="test4" classname="pl.otros.logview.accept.query.org.apache.log4j.rule.NotEqualsRuleTest" time="0.001"/>
  <testcase name="test5" classname="pl.otros.logview.accept.query.org.apache.log4j.rule.NotEqualsRuleTest" time="0.0"/>
  <testcase name="test6" classname="pl.otros.logview.accept.query.org.apache.log4j.rule.NotEqualsRuleTest" time="0.001"/>
  <testcase name="test7" classname="pl.otros.logview.accept.query.org.apache.log4j.rule.NotEqualsRuleTest" time="0.002"/>
  <system-out><![CDATA[]]></system-out>
  <system-err><![CDATA[]]></system-err>
</testsuite>
