<?xml version="1.0" encoding="UTF-8"?>
<testsuite name="pl.otros.logview.loader.IconsLoaderTest" tests="1" skipped="0" failures="0" errors="0" timestamp="2017-01-09T22:20:03" hostname="MP14216.local" time="0.252">
  <properties/>
  <testcase name="testLoadIcons" classname="pl.otros.logview.loader.IconsLoaderTest" time="0.252"/>
  <system-out><![CDATA[23:20:04.059 [Test worker] DEBUG pl.otros.logview.loader.IconsLoader - Icon /img/icon.png for field LOGO_SMALL loaded
23:20:04.061 [Test worker] DEBUG pl.otros.logview.loader.IconsLoader - Icon /img/otros/logo16.png for field LOGO_OTROS_16 loaded
23:20:04.062 [Test worker] DEBUG pl.otros.logview.loader.IconsLoader - Icon /img/otros/logo32.png for field LOGO_OTROS_32 loaded
23:20:04.065 [Test worker] DEBUG pl.otros.logview.loader.IconsLoader - Icon /img/otros/logo64.png for field LOGO_OTROS_64 loaded
23:20:04.066 [Test worker] DEBUG pl.otros.logview.loader.IconsLoader - Icon /img/fugue/control-double-270.png for field FOLLOW_ON loaded
23:20:04.067 [Test worker] DEBUG pl.otros.logview.loader.IconsLoader - Icon /img/fugue/control-skip-270.png for field FOLLOW_OFF loaded
23:20:04.069 [Test worker] DEBUG pl.otros.logview.loader.IconsLoader - Icon /img/fugue/control.png for field TAILING_LIVE loaded
23:20:04.071 [Test worker] DEBUG pl.otros.logview.loader.IconsLoader - Icon /img/fugue/control-stop.png for field TAILING_PAUSE loaded
23:20:04.073 [Test worker] DEBUG pl.otros.logview.loader.IconsLoader - Icon /img/class.png for field CLASS loaded
23:20:04.075 [Test worker] DEBUG pl.otros.logview.loader.IconsLoader - Icon /img/class_ignore.png for field CLASS_IGNORED loaded
23:20:04.076 [Test worker] DEBUG pl.otros.logview.loader.IconsLoader - Icon /img/package_open.png for field PACKAGE_OPEN loaded
23:20:04.078 [Test worker] DEBUG pl.otros.logview.loader.IconsLoader - Icon /img/package_open_ignore.png for field PACKAGE_OPEN_IGNORED loaded
23:20:04.079 [Test worker] DEBUG pl.otros.logview.loader.IconsLoader - Icon /img/package_closed.png for field PACKAGE_CLOSE loaded
23:20:04.081 [Test worker] DEBUG pl.otros.logview.loader.IconsLoader - Icon /img/package_closed_ignore.png for field PACKAGE_CLOSE_IGNORED loaded
23:20:04.082 [Test worker] DEBUG pl.otros.logview.loader.IconsLoader - Icon /img/note_empty.png for field NOTE_EMPTY loaded
23:20:04.084 [Test worker] DEBUG pl.otros.logview.loader.IconsLoader - Icon /img/note_exist.png for field NOTE_EXIST loaded
23:20:04.085 [Test worker] DEBUG pl.otros.logview.loader.IconsLoader - Icon /img/magnifier.png for field MAGNIFIER loaded
23:20:04.086 [Test worker] DEBUG pl.otros.logview.loader.IconsLoader - Icon /img/fugue/arrow-270-medium.png for field ARROW_DOWN loaded
23:20:04.087 [Test worker] DEBUG pl.otros.logview.loader.IconsLoader - Icon /img/fugue/arrow-090-medium.png for field ARROW_UP loaded
23:20:04.089 [Test worker] DEBUG pl.otros.logview.loader.IconsLoader - Icon /img/fugue/navigation-270-button.png for field ARROW_DOWN_IN_BOX loaded
23:20:04.090 [Test worker] DEBUG pl.otros.logview.loader.IconsLoader - Icon /img/fugue/navigation-090-button.png for field ARROW_UP_IN_BOX loaded
23:20:04.091 [Test worker] DEBUG pl.otros.logview.loader.IconsLoader - Icon /img/fugue/arrow-turn-090.png for field ARROW_TURN_090 loaded
23:20:04.092 [Test worker] DEBUG pl.otros.logview.loader.IconsLoader - Icon /img/fugue/arrow-turn-270.png for field ARROW_TURN_270 loaded
23:20:04.094 [Test worker] DEBUG pl.otros.logview.loader.IconsLoader - Icon /img/fugue/arrow-branch-270-left.png for field ARROW_BRANCH_270 loaded
23:20:04.095 [Test worker] DEBUG pl.otros.logview.loader.IconsLoader - Icon /img/fugue/arrow-join.png for field ARROW_JOIN loaded
23:20:04.097 [Test worker] DEBUG pl.otros.logview.loader.IconsLoader - Icon /img/fugue24/arrow-join.png for field ARROW_JOIN_24 loaded
23:20:04.099 [Test worker] DEBUG pl.otros.logview.loader.IconsLoader - Icon /img/fugue/broom.png for field CLEAR loaded
23:20:04.100 [Test worker] DEBUG pl.otros.logview.loader.IconsLoader - Icon /img/fugue/beans.png for field LEVEL_FINEST loaded
23:20:04.101 [Test worker] DEBUG pl.otros.logview.loader.IconsLoader - Icon /img/fugue/bean.png for field LEVEL_FINER loaded
23:20:04.103 [Test worker] DEBUG pl.otros.logview.loader.IconsLoader - Icon /img/fugue/bean-green.png for field LEVEL_FINE loaded
23:20:04.104 [Test worker] DEBUG pl.otros.logview.loader.IconsLoader - Icon /img/fugue/hammer.png for field LEVEL_CONFIG loaded
23:20:04.105 [Test worker] DEBUG pl.otros.logview.loader.IconsLoader - Icon /img/fugue/information-button.png for field LEVEL_INFO loaded
23:20:04.107 [Test worker] DEBUG pl.otros.logview.loader.IconsLoader - Icon /img/fugue/exclamation-button.png for field LEVEL_WARNING loaded
23:20:04.108 [Test worker] DEBUG pl.otros.logview.loader.IconsLoader - Icon /img/fugue/exclamation-red.png for field LEVEL_SEVERE loaded
23:20:04.109 [Test worker] DEBUG pl.otros.logview.loader.IconsLoader - Icon /img/fugue/clipboard--plus.png for field AUTOMATIC_MARKERS loaded
23:20:04.111 [Test worker] DEBUG pl.otros.logview.loader.IconsLoader - Icon /img/fugue/clipboard--minus.png for field AUTOMATIC_UNMARKERS loaded
23:20:04.112 [Test worker] DEBUG pl.otros.logview.loader.IconsLoader - Icon /img/fugue/clipboard.png for field MARKINGS_CLEAR loaded
23:20:04.114 [Test worker] DEBUG pl.otros.logview.loader.IconsLoader - Icon /img/fugue24/wand-hat.png for field WIZARD loaded
23:20:04.115 [Test worker] DEBUG pl.otros.logview.loader.IconsLoader - Icon /img/fugue/application-export.png for field EXPORT loaded
23:20:04.117 [Test worker] DEBUG pl.otros.logview.loader.IconsLoader - Icon /img/fugue/application-import.png for field IMPORT loaded
23:20:04.118 [Test worker] DEBUG pl.otros.logview.loader.IconsLoader - Icon /img/fugue24/application-import.png for field IMPORT_24 loaded
23:20:04.119 [Test worker] DEBUG pl.otros.logview.loader.IconsLoader - Icon /img/fugue/funnel--arrow.png for field FILTER loaded
23:20:04.120 [Test worker] DEBUG pl.otros.logview.loader.IconsLoader - Icon /img/fugue/table-insert-column.png for field TABLE_COLUMN loaded
23:20:04.122 [Test worker] DEBUG pl.otros.logview.loader.IconsLoader - Icon /img/fugue/layer-resize-replicate.png for field TABLE_RESIZE loaded
23:20:04.123 [Test worker] DEBUG pl.otros.logview.loader.IconsLoader - Icon /img/fugue/control-power.png for field TURN_OFF loaded
23:20:04.124 [Test worker] DEBUG pl.otros.logview.loader.IconsLoader - Icon /img/fugue/arrow-continue-180.png for field TAIL loaded
23:20:04.126 [Test worker] DEBUG pl.otros.logview.loader.IconsLoader - Icon /img/fugue/minus-white.png for field TAB_HEADER_NORMAL loaded
23:20:04.127 [Test worker] DEBUG pl.otros.logview.loader.IconsLoader - Icon /img/fugue/minus-circle.png for field TAB_HEADER_HOVER loaded
23:20:04.128 [Test worker] DEBUG pl.otros.logview.loader.IconsLoader - Icon /img/fugue/category.png for field MARKER loaded
23:20:04.129 [Test worker] DEBUG pl.otros.logview.loader.IconsLoader - Icon /img/fugue/compile.png for field NEXT_LEVEL_INFO loaded
23:20:04.130 [Test worker] DEBUG pl.otros.logview.loader.IconsLoader - Icon /img/fugue/compile-warning.png for field NEXT_LEVEL_WARNING loaded
23:20:04.132 [Test worker] DEBUG pl.otros.logview.loader.IconsLoader - Icon /img/fugue/compile-error.png for field NEXT_LEVEL_ERROR loaded
23:20:04.133 [Test worker] DEBUG pl.otros.logview.loader.IconsLoader - Icon /img/fugue/compile-flip.png for field PREV_LEVEL_INFO loaded
23:20:04.134 [Test worker] DEBUG pl.otros.logview.loader.IconsLoader - Icon /img/fugue/compile-warning-flip.png for field PREV_LEVEL_WARNING loaded
23:20:04.135 [Test worker] DEBUG pl.otros.logview.loader.IconsLoader - Icon /img/fugue/compile-error-flip.png for field PREV_LEVEL_ERROR loaded
23:20:04.137 [Test worker] DEBUG pl.otros.logview.loader.IconsLoader - Icon /img/fugue/question-button.png for field HELP loaded
23:20:04.138 [Test worker] DEBUG pl.otros.logview.loader.IconsLoader - Icon /img/fugue/wrench.png for field WRENCH loaded
23:20:04.139 [Test worker] DEBUG pl.otros.logview.loader.IconsLoader - Icon /img/fugue/wrench--arrow.png for field WRENCH_ARROW loaded
23:20:04.141 [Test worker] DEBUG pl.otros.logview.loader.IconsLoader - Icon /img/fugue/disk.png for field DISK loaded
23:20:04.142 [Test worker] DEBUG pl.otros.logview.loader.IconsLoader - Icon /img/fugue/disk--plus.png for field DISK_PLUS loaded
23:20:04.143 [Test worker] DEBUG pl.otros.logview.loader.IconsLoader - Icon /img/fugue/folder-open.png for field FOLDER_OPEN loaded
23:20:04.145 [Test worker] DEBUG pl.otros.logview.loader.IconsLoader - Icon /img/fugue/arrow-repeat.png for field ARROW_REPEAT loaded
23:20:04.146 [Test worker] DEBUG pl.otros.logview.loader.IconsLoader - Icon /img/fugue/plug.png for field PLUGIN loaded
23:20:04.148 [Test worker] DEBUG pl.otros.logview.loader.IconsLoader - Icon /img/fugue/plug-connect.png for field PLUGIN_CONNECT loaded
23:20:04.150 [Test worker] DEBUG pl.otros.logview.loader.IconsLoader - Icon /img/fugue/plug-disconnect.png for field PLUGIN_DISCONNECT loaded
23:20:04.152 [Test worker] DEBUG pl.otros.logview.loader.IconsLoader - Icon /img/fugue/plug--plus.png for field PLUGIN_PLUS loaded
23:20:04.159 [Test worker] DEBUG pl.otros.logview.loader.IconsLoader - Icon /img/fugue/color.png for field MESSAGE_COLORIZER loaded
23:20:04.163 [Test worker] DEBUG pl.otros.logview.loader.IconsLoader - Icon /img/fugue/edit-alignment-center.png for field MESSAGE_FORMATTER loaded
23:20:04.165 [Test worker] DEBUG pl.otros.logview.loader.IconsLoader - Icon /img/fugue/minus-button.png for field DELETE loaded
23:20:04.167 [Test worker] DEBUG pl.otros.logview.loader.IconsLoader - Icon /img/fugue/plus-button.png for field ADD loaded
23:20:04.169 [Test worker] DEBUG pl.otros.logview.loader.IconsLoader - Icon /img/fugue/table-select-row.png for field TABLE_SELECT_ROW loaded
23:20:04.173 [Test worker] DEBUG pl.otros.logview.loader.IconsLoader - Icon /img/fugue/credit-cards.png for field CREDIT_CARDS loaded
23:20:04.184 [Test worker] DEBUG pl.otros.logview.loader.IconsLoader - Icon /img/btn_donateCC_LG.gif for field DONATE loaded
23:20:04.185 [Test worker] DEBUG pl.otros.logview.loader.IconsLoader - Icon /img/fugue24/megaphone.png for field MEGAPHONE_24 loaded
23:20:04.187 [Test worker] DEBUG pl.otros.logview.loader.IconsLoader - Icon /img/fugue/bin.png for field BIN loaded
23:20:04.189 [Test worker] DEBUG pl.otros.logview.loader.IconsLoader - Icon /img/fugue/document-copy.png for field DOCUMENT_COPY loaded
23:20:04.193 [Test worker] DEBUG pl.otros.logview.loader.IconsLoader - Icon /img/ide/eclipse-disconnected.png for field ICE_ECLIPSE_DISCONNECTED loaded
23:20:04.195 [Test worker] DEBUG pl.otros.logview.loader.IconsLoader - Icon /img/ide/idea-disconnected.png for field IDE_IDEA_DISCONNCTED loaded
23:20:04.198 [Test worker] DEBUG pl.otros.logview.loader.IconsLoader - Icon /img/ide/eclipse.gif for field IDE_ECLIPSE loaded
23:20:04.200 [Test worker] DEBUG pl.otros.logview.loader.IconsLoader - Icon /img/ide/idea.png for field IDE_IDEA loaded
23:20:04.201 [Test worker] DEBUG pl.otros.logview.loader.IconsLoader - Icon /img/fugue/tick-button.png for field STATUS_OK loaded
23:20:04.204 [Test worker] DEBUG pl.otros.logview.loader.IconsLoader - Icon /img/fugue/cross-button.png for field STATUS_ERROR loaded
23:20:04.206 [Test worker] DEBUG pl.otros.logview.loader.IconsLoader - Icon /img/fugue/question-button.png for field STATUS_UNKNOWN loaded
23:20:04.208 [Test worker] DEBUG pl.otros.logview.loader.IconsLoader - Icon /img/fugue/gear.png for field GEAR loaded
23:20:04.210 [Test worker] DEBUG pl.otros.logview.loader.IconsLoader - Icon /img/fugue/arrow-step-over.png for field ARROW_STEP_OVER loaded
23:20:04.221 [Test worker] DEBUG pl.otros.logview.loader.IconsLoader - Icon /img/fugue/arrow-step-over.png for field ARROW_STEP_OVER_GRAY loaded
23:20:04.223 [Test worker] DEBUG pl.otros.logview.loader.IconsLoader - Icon /img/fugue/table-export.png for field TABLE_EXPORT loaded
23:20:04.225 [Test worker] DEBUG pl.otros.logview.loader.IconsLoader - Icon /img/fugue/table-import.png for field TABLE_IMPORT loaded
23:20:04.228 [Test worker] DEBUG pl.otros.logview.loader.IconsLoader - Icon /img/fugue/clipboard-paste.png for field CLIPBOARD_PASTE loaded
23:20:04.230 [Test worker] DEBUG pl.otros.logview.loader.IconsLoader - Icon /img/fugue/edit-signature.png for field EDIT_SIGNATURE loaded
23:20:04.232 [Test worker] DEBUG pl.otros.logview.loader.IconsLoader - Icon /img/fugue/edit-column.png for field EDIT_COLUMNS loaded
23:20:04.233 [Test worker] DEBUG pl.otros.logview.loader.IconsLoader - Icon /img/fugue/arrow-continue-180.png for field SCROLL_HORIZONTAL loaded
23:20:04.235 [Test worker] DEBUG pl.otros.logview.loader.IconsLoader - Icon /img/fugue/json.png for field JSON loaded
23:20:04.236 [Test worker] DEBUG pl.otros.logview.loader.IconsLoader - Icon /img/fugue/control-stop-square.png for field CONTROL_STOP loaded
23:20:04.238 [Test worker] DEBUG pl.otros.logview.loader.IconsLoader - Icon /img/fugue/control-pause.png for field CONTROL_PAUSE loaded
23:20:04.240 [Test worker] DEBUG pl.otros.logview.loader.IconsLoader - Icon /img/fugue/document-hf-select.png for field FROM_START loaded
23:20:04.241 [Test worker] DEBUG pl.otros.logview.loader.IconsLoader - Icon /img/fugue/document-hf-select-footer.png for field FROM_END loaded
]]></system-out>
  <system-err><![CDATA[]]></system-err>
</testsuite>
